{"numFailedTestSuites":0,"numFailedTests":0,"numPassedTestSuites":1,"numPassedTests":23,"numPendingTestSuites":0,"numPendingTests":0,"numRuntimeErrorTestSuites":0,"numTodoTests":0,"numTotalTestSuites":1,"numTotalTests":23,"openHandles":[],"snapshot":{"added":0,"didUpdate":false,"failure":false,"filesAdded":0,"filesRemoved":0,"filesRemovedList":[],"filesUnmatched":0,"filesUpdated":0,"matched":0,"total":0,"unchecked":0,"uncheckedKeysByFile":[],"unmatched":0,"updated":0},"startTime":1784837688530,"success":true,"testResults":[{"assertionResults":[{"ancestorTitles":["Phase 3B-2: Socket Authentication and Local Room Infrastructure","1. No Side Effects on Import"],"duration":7,"failureDetails":[],"failureMessages":[],"fullName":"Phase 3B-2: Socket Authentication and Local Room Infrastructure 1. No Side Effects on Import Importing socket modules does not create servers or connect to redis automatically","invocations":1,"location":null,"numPassingAsserts":1,"retryReasons":[],"status":"passed","title":"Importing socket modules does not create servers or connect to redis automatically"},{"ancestorTitles":["Phase 3B-2: Socket Authentication and Local Room Infrastructure","2. Lifecycle and Configuration Settings"],"duration":5,"failureDetails":[],"failureMessages":[],"fullName":"Phase 3B-2: Socket Authentication and Local Room Infrastructure 2. Lifecycle and Configuration Settings start() twice safely ignores second call","invocations":1,"location":null,"numPassingAsserts":1,"retryReasons":[],"status":"passed","title":"start() twice safely ignores second call"},{"ancestorTitles":["Phase 3B-2: Socket Authentication and Local Room Infrastructure","2. Lifecycle and Configuration Settings"],"duration":0,"failureDetails":[],"failureMessages":[],"fullName":"Phase 3B-2: Socket Authentication and Local Room Infrastructure 2. Lifecycle and Configuration Settings stop() twice and while stopped is safe","invocations":1,"location":null,"numPassingAsserts":1,"retryReasons":[],"status":"passed","title":"stop() twice and while stopped is safe"},{"ancestorTitles":["Phase 3B-2: Socket Authentication and Local Room Infrastructure","2. Lifecycle and Configuration Settings"],"duration":16,"failureDetails":[],"failureMessages":[],"fullName":"Phase 3B-2: Socket Authentication and Local Room Infrastructure 2. Lifecycle and Configuration Settings Configuration forces WebSocket and denies polling","invocations":1,"location":null,"numPassingAsserts":1,"retryReasons":[],"status":"passed","title":"Configuration forces WebSocket and denies polling"},{"ancestorTitles":["Phase 3B-2: Socket Authentication and Local Room Infrastructure","2. Lifecycle and Configuration Settings"],"duration":69,"failureDetails":[],"failureMessages":[],"fullName":"Phase 3B-2: Socket Authentication and Local Room Infrastructure 2. Lifecycle and Configuration Settings Restart after stop works","invocations":1,"location":null,"numPassingAsserts":0,"retryReasons":[],"status":"passed","title":"Restart after stop works"},{"ancestorTitles":["Phase 3B-2: Socket Authentication and Local Room Infrastructure","3. Session Types and DB Expiry"],"duration":9,"failureDetails":[],"failureMessages":[],"fullName":"Phase 3B-2: Socket Authentication and Local Room Infrastructure 3. Session Types and DB Expiry Session not found","invocations":1,"location":null,"numPassingAsserts":1,"retryReasons":[],"status":"passed","title":"Session not found"},{"ancestorTitles":["Phase 3B-2: Socket Authentication and Local Room Infrastructure","3. Session Types and DB Expiry"],"duration":8,"failureDetails":[],"failureMessages":[],"fullName":"Phase 3B-2: Socket Authentication and Local Room Infrastructure 3. Session Types and DB Expiry Session revoked in database","invocations":1,"location":null,"numPassingAsserts":1,"retryReasons":[],"status":"passed","title":"Session revoked in database"},{"ancestorTitles":["Phase 3B-2: Socket Authentication and Local Room Infrastructure","3. Session Types and DB Expiry"],"duration":11,"failureDetails":[],"failureMessages":[],"fullName":"Phase 3B-2: Socket Authentication and Local Room Infrastructure 3. Session Types and DB Expiry Session expired in database (expiresAt)","invocations":1,"location":null,"numPassingAsserts":1,"retryReasons":[],"status":"passed","title":"Session expired in database (expiresAt)"},{"ancestorTitles":["Phase 3B-2: Socket Authentication and Local Room Infrastructure","3. Session Types and DB Expiry"],"duration":6,"failureDetails":[],"failureMessages":[],"fullName":"Phase 3B-2: Socket Authentication and Local Room Infrastructure 3. Session Types and DB Expiry Provisional session rejected","invocations":1,"location":null,"numPassingAsserts":1,"retryReasons":[],"status":"passed","title":"Provisional session rejected"},{"ancestorTitles":["Phase 3B-2: Socket Authentication and Local Room Infrastructure","3. Session Types and DB Expiry"],"duration":4,"failureDetails":[],"failureMessages":[],"fullName":"Phase 3B-2: Socket Authentication and Local Room Infrastructure 3. Session Types and DB Expiry Customer session rejected","invocations":1,"location":null,"numPassingAsserts":1,"retryReasons":[],"status":"passed","title":"Customer session rejected"},{"ancestorTitles":["Phase 3B-2: Socket Authentication and Local Room Infrastructure","3. Session Types and DB Expiry"],"duration":21,"failureDetails":[],"failureMessages":[],"fullName":"Phase 3B-2: Socket Authentication and Local Room Infrastructure 3. Session Types and DB Expiry Operational session accepted","invocations":1,"location":null,"numPassingAsserts":0,"retryReasons":[],"status":"passed","title":"Operational session accepted"},{"ancestorTitles":["Phase 3B-2: Socket Authentication and Local Room Infrastructure","4. Origin Policy"],"duration":23,"failureDetails":[],"failureMessages":[],"fullName":"Phase 3B-2: Socket Authentication and Local Room Infrastructure 4. Origin Policy No Origin + Valid Token -> Accepts (Mobile App Pattern)","invocations":1,"location":null,"numPassingAsserts":0,"retryReasons":[],"status":"passed","title":"No Origin + Valid Token -> Accepts (Mobile App Pattern)"},{"ancestorTitles":["Phase 3B-2: Socket Authentication and Local Room Infrastructure","4. Origin Policy"],"duration":23,"failureDetails":[],"failureMessages":[],"fullName":"Phase 3B-2: Socket Authentication and Local Room Infrastructure 4. Origin Policy Allowed Origin + Valid Token -> Accepts","invocations":1,"location":null,"numPassingAsserts":0,"retryReasons":[],"status":"passed","title":"Allowed Origin + Valid Token -> Accepts"},{"ancestorTitles":["Phase 3B-2: Socket Authentication and Local Room Infrastructure","4. Origin Policy"],"duration":3,"failureDetails":[],"failureMessages":[],"fullName":"Phase 3B-2: Socket Authentication and Local Room Infrastructure 4. Origin Policy Disallowed Origin -> Rejects immediately","invocations":1,"location":null,"numPassingAsserts":1,"retryReasons":[],"status":"passed","title":"Disallowed Origin -> Rejects immediately"},{"ancestorTitles":["Phase 3B-2: Socket Authentication and Local Room Infrastructure","5. Identity, Membership, and Branch Validation"],"duration":19,"failureDetails":[],"failureMessages":[],"fullName":"Phase 3B-2: Socket Authentication and Local Room Infrastructure 5. Identity, Membership, and Branch Validation Inactive Identity rejected","invocations":1,"location":null,"numPassingAsserts":1,"retryReasons":[],"status":"passed","title":"Inactive Identity rejected"},{"ancestorTitles":["Phase 3B-2: Socket Authentication and Local Room Infrastructure","5. Identity, Membership, and Branch Validation"],"duration":17,"failureDetails":[],"failureMessages":[],"fullName":"Phase 3B-2: Socket Authentication and Local Room Infrastructure 5. Identity, Membership, and Branch Validation Inactive Membership rejected","invocations":1,"location":null,"numPassingAsserts":1,"retryReasons":[],"status":"passed","title":"Inactive Membership rejected"},{"ancestorTitles":["Phase 3B-2: Socket Authentication and Local Room Infrastructure","5. Identity, Membership, and Branch Validation"],"duration":17,"failureDetails":[],"failureMessages":[],"fullName":"Phase 3B-2: Socket Authentication and Local Room Infrastructure 5. Identity, Membership, and Branch Validation Missing Branch Access rejected","invocations":1,"location":null,"numPassingAsserts":1,"retryReasons":[],"status":"passed","title":"Missing Branch Access rejected"},{"ancestorTitles":["Phase 3B-2: Socket Authentication and Local Room Infrastructure","6. PostgreSQL Fallback (Redis Failure Simulation)"],"duration":21,"failureDetails":[],"failureMessages":[],"fullName":"Phase 3B-2: Socket Authentication and Local Room Infrastructure 6. PostgreSQL Fallback (Redis Failure Simulation) Succeeds even if Redis throws an error","invocations":1,"location":null,"numPassingAsserts":1,"retryReasons":[],"status":"passed","title":"Succeeds even if Redis throws an error"},{"ancestorTitles":["Phase 3B-2: Socket Authentication and Local Room Infrastructure","7. Immutable Context and Rooms Policy"],"duration":21,"failureDetails":[],"failureMessages":[],"fullName":"Phase 3B-2: Socket Authentication and Local Room Infrastructure 7. Immutable Context and Rooms Policy Socket.data.context is deeply frozen","invocations":1,"location":null,"numPassingAsserts":9,"retryReasons":[],"status":"passed","title":"Socket.data.context is deeply frozen"},{"ancestorTitles":["Phase 3B-2: Socket Authentication and Local Room Infrastructure","8. Cross-Washer and Branch Isolation"],"duration":60,"failureDetails":[],"failureMessages":[],"fullName":"Phase 3B-2: Socket Authentication and Local Room Infrastructure 8. Cross-Washer and Branch Isolation Event emitted to Washer A does not reach Washer B","invocations":1,"location":null,"numPassingAsserts":0,"retryReasons":[],"status":"passed","title":"Event emitted to Washer A does not reach Washer B"},{"ancestorTitles":["Phase 3B-2: Socket Authentication and Local Room Infrastructure","9. Session Control Disconnects"],"duration":70,"failureDetails":[],"failureMessages":[],"fullName":"Phase 3B-2: Socket Authentication and Local Room Infrastructure 9. Session Control Disconnects disconnectSession only disconnects the target session","invocations":1,"location":null,"numPassingAsserts":0,"retryReasons":[],"status":"passed","title":"disconnectSession only disconnects the target session"},{"ancestorTitles":["Phase 3B-2: Socket Authentication and Local Room Infrastructure","9. Session Control Disconnects"],"duration":40,"failureDetails":[],"failureMessages":[],"fullName":"Phase 3B-2: Socket Authentication and Local Room Infrastructure 9. Session Control Disconnects disconnectIdentity disconnects all sessions for identity","invocations":1,"location":null,"numPassingAsserts":0,"retryReasons":[],"status":"passed","title":"disconnectIdentity disconnects all sessions for identity"},{"ancestorTitles":["Phase 3B-2: Socket Authentication and Local Room Infrastructure","10. Client Business Logic Blocked"],"duration":119,"failureDetails":[],"failureMessages":[],"fullName":"Phase 3B-2: Socket Authentication and Local Room Infrastructure 10. Client Business Logic Blocked Client events do not trigger business actions","invocations":1,"location":null,"numPassingAsserts":1,"retryReasons":[],"status":"passed","title":"Client events do not trigger business actions"}],"endTime":1784837689807,"message":"","name":"/Users/pro/Desktop/landryapp/laundry-nodejs-structure-v3/src/tests/integration/phase-3b-2.integration.test.js","startTime":1784837688571,"status":"passed","summary":""}],"wasInterrupted":false}
